<?xml version="1.0" encoding="UTF-8"?>
<testsuite name="com.hwanld.book.springboot.web.IndexControllerTest" tests="1" skipped="0" failures="0" errors="0" timestamp="2022-02-15T13:19:40" hostname="idonghwan-ui-MacBookAir.local" time="0.197">
  <properties/>
  <testcase name="메인페이지_로딩" classname="com.hwanld.book.springboot.web.IndexControllerTest" time="0.197"/>
  <system-out><![CDATA[22:19:37.239 [Test worker] DEBUG org.springframework.test.context.junit4.SpringJUnit4ClassRunner - SpringJUnit4ClassRunner constructor called with [class com.hwanld.book.springboot.web.IndexControllerTest]
22:19:37.242 [Test worker] DEBUG org.springframework.test.context.BootstrapUtils - Instantiating CacheAwareContextLoaderDelegate from class [org.springframework.test.context.cache.DefaultCacheAwareContextLoaderDelegate]
22:19:37.246 [Test worker] DEBUG org.springframework.test.context.BootstrapUtils - Instantiating BootstrapContext using constructor [public org.springframework.test.context.support.DefaultBootstrapContext(java.lang.Class,org.springframework.test.context.CacheAwareContextLoaderDelegate)]
22:19:37.255 [Test worker] DEBUG org.springframework.test.context.BootstrapUtils - Instantiating TestContextBootstrapper for test class [com.hwanld.book.springboot.web.IndexControllerTest] from class [org.springframework.boot.test.context.SpringBootTestContextBootstrapper]
22:19:37.260 [Test worker] INFO org.springframework.boot.test.context.SpringBootTestContextBootstrapper - Neither @ContextConfiguration nor @ContextHierarchy found for test class [com.hwanld.book.springboot.web.IndexControllerTest], using SpringBootContextLoader
22:19:37.261 [Test worker] DEBUG org.springframework.test.context.support.AbstractContextLoader - Did not detect default resource location for test class [com.hwanld.book.springboot.web.IndexControllerTest]: class path resource [com/hwanld/book/springboot/web/IndexControllerTest-context.xml] does not exist
22:19:37.261 [Test worker] DEBUG org.springframework.test.context.support.AbstractContextLoader - Did not detect default resource location for test class [com.hwanld.book.springboot.web.IndexControllerTest]: class path resource [com/hwanld/book/springboot/web/IndexControllerTestContext.groovy] does not exist
22:19:37.261 [Test worker] INFO org.springframework.test.context.support.AbstractContextLoader - Could not detect default resource locations for test class [com.hwanld.book.springboot.web.IndexControllerTest]: no resource found for suffixes {-context.xml, Context.groovy}.
22:19:37.261 [Test worker] INFO org.springframework.test.context.support.AnnotationConfigContextLoaderUtils - Could not detect default configuration classes for test class [com.hwanld.book.springboot.web.IndexControllerTest]: IndexControllerTest does not declare any static, non-private, non-final, nested classes annotated with @Configuration.
22:19:37.277 [Test worker] DEBUG org.springframework.test.context.support.ActiveProfilesUtils - Could not find an 'annotation declaring class' for annotation type [org.springframework.test.context.ActiveProfiles] and class [com.hwanld.book.springboot.web.IndexControllerTest]
22:19:37.322 [Test worker] DEBUG org.springframework.context.annotation.ClassPathScanningCandidateComponentProvider - Identified candidate component class: file [/Users/donghwan/freelec-springboot2-webservice/build/classes/java/main/com/hwanld/book/springboot/Application.class]
22:19:37.322 [Test worker] INFO org.springframework.boot.test.context.SpringBootTestContextBootstrapper - Found @SpringBootConfiguration com.hwanld.book.springboot.Application for test class com.hwanld.book.springboot.web.IndexControllerTest
22:19:37.364 [Test worker] DEBUG org.springframework.boot.test.context.SpringBootTestContextBootstrapper - @TestExecutionListeners is not present for class [com.hwanld.book.springboot.web.IndexControllerTest]: using defaults.
22:19:37.365 [Test worker] INFO org.springframework.boot.test.context.SpringBootTestContextBootstrapper - Loaded default TestExecutionListener class names from location [META-INF/spring.factories]: [org.springframework.security.test.context.support.WithSecurityContextTestExecutionListener, org.springframework.security.test.context.support.ReactorContextTestExecutionListener, org.springframework.boot.test.autoconfigure.restdocs.RestDocsTestExecutionListener, org.springframework.boot.test.autoconfigure.web.client.MockRestServiceServerResetTestExecutionListener, org.springframework.boot.test.autoconfigure.web.servlet.MockMvcPrintOnlyOnFailureTestExecutionListener, org.springframework.boot.test.autoconfigure.web.servlet.WebDriverTestExecutionListener, org.springframework.boot.test.mock.mockito.MockitoTestExecutionListener, org.springframework.boot.test.mock.mockito.ResetMocksTestExecutionListener, org.springframework.test.context.web.ServletTestExecutionListener, org.springframework.test.context.support.DirtiesContextBeforeModesTestExecutionListener, org.springframework.test.context.support.DependencyInjectionTestExecutionListener, org.springframework.test.context.support.DirtiesContextTestExecutionListener, org.springframework.test.context.transaction.TransactionalTestExecutionListener, org.springframework.test.context.jdbc.SqlScriptsTestExecutionListener]
22:19:37.372 [Test worker] INFO org.springframework.boot.test.context.SpringBootTestContextBootstrapper - Using TestExecutionListeners: [org.springframework.test.context.web.ServletTestExecutionListener@1fb6a1ff, org.springframework.test.context.support.DirtiesContextBeforeModesTestExecutionListener@7328b973, org.springframework.boot.test.mock.mockito.MockitoTestExecutionListener@5bb2b960, org.springframework.boot.test.autoconfigure.SpringBootDependencyInjectionTestExecutionListener@4c9b9354, org.springframework.test.context.support.DirtiesContextTestExecutionListener@66087a61, org.springframework.test.context.transaction.TransactionalTestExecutionListener@50ddb4f2, org.springframework.test.context.jdbc.SqlScriptsTestExecutionListener@1eea7e30, org.springframework.security.test.context.support.WithSecurityContextTestExecutionListener@e7b4f8a, org.springframework.security.test.context.support.ReactorContextTestExecutionListener@2b85f756, org.springframework.boot.test.autoconfigure.restdocs.RestDocsTestExecutionListener@1642bcf0, org.springframework.boot.test.autoconfigure.web.client.MockRestServiceServerResetTestExecutionListener@5b145bf6, org.springframework.boot.test.autoconfigure.web.servlet.MockMvcPrintOnlyOnFailureTestExecutionListener@f474801, org.springframework.boot.test.autoconfigure.web.servlet.WebDriverTestExecutionListener@bfc31f8, org.springframework.boot.test.mock.mockito.ResetMocksTestExecutionListener@85ab94b]
22:19:37.373 [Test worker] DEBUG org.springframework.test.annotation.ProfileValueUtils - Retrieved @ProfileValueSourceConfiguration [null] for test class [com.hwanld.book.springboot.web.IndexControllerTest]
22:19:37.373 [Test worker] DEBUG org.springframework.test.annotation.ProfileValueUtils - Retrieved ProfileValueSource type [class org.springframework.test.annotation.SystemProfileValueSource] for class [com.hwanld.book.springboot.web.IndexControllerTest]
22:19:37.374 [Test worker] DEBUG org.springframework.test.annotation.ProfileValueUtils - Retrieved @ProfileValueSourceConfiguration [null] for test class [com.hwanld.book.springboot.web.IndexControllerTest]
22:19:37.374 [Test worker] DEBUG org.springframework.test.annotation.ProfileValueUtils - Retrieved ProfileValueSource type [class org.springframework.test.annotation.SystemProfileValueSource] for class [com.hwanld.book.springboot.web.IndexControllerTest]
22:19:37.376 [Test worker] DEBUG org.springframework.test.context.support.AbstractDirtiesContextTestExecutionListener - Before test class: context [DefaultTestContext@795bf4ad testClass = IndexControllerTest, testInstance = [null], testMethod = [null], testException = [null], mergedContextConfiguration = [WebMergedContextConfiguration@6b726ca5 testClass = IndexControllerTest, locations = '{}', classes = '{class com.hwanld.book.springboot.Application}', contextInitializerClasses = '[]', activeProfiles = '{}', propertySourceLocations = '{}', propertySourceProperties = '{org.springframework.boot.test.context.SpringBootTestContextBootstrapper=true, server.port=0}', contextCustomizers = set[org.springframework.boot.test.autoconfigure.properties.PropertyMappingContextCustomizer@0, org.springframework.boot.test.autoconfigure.web.servlet.WebDriverContextCustomizerFactory$Customizer@7d2a74ea, org.springframework.boot.test.context.filter.ExcludeFilterContextCustomizer@3a1a7b14, org.springframework.boot.test.json.DuplicateJsonObjectContextCustomizerFactory$DuplicateJsonObjectContextCustomizer@7d2104f5, org.springframework.boot.test.mock.mockito.MockitoContextCustomizer@0, org.springframework.boot.test.web.client.TestRestTemplateContextCustomizer@1ddd77a1], resourceBasePath = 'src/main/webapp', contextLoader = 'org.springframework.boot.test.context.SpringBootContextLoader', parent = [null]], attributes = map['org.springframework.test.context.web.ServletTestExecutionListener.activateListener' -> false]], class annotated with @DirtiesContext [false] with mode [null].
22:19:37.376 [Test worker] DEBUG org.springframework.test.annotation.ProfileValueUtils - Retrieved @ProfileValueSourceConfiguration [null] for test class [com.hwanld.book.springboot.web.IndexControllerTest]
22:19:37.376 [Test worker] DEBUG org.springframework.test.annotation.ProfileValueUtils - Retrieved ProfileValueSource type [class org.springframework.test.annotation.SystemProfileValueSource] for class [com.hwanld.book.springboot.web.IndexControllerTest]
22:19:37.378 [Test worker] DEBUG org.springframework.test.context.support.DependencyInjectionTestExecutionListener - Performing dependency injection for test context [[DefaultTestContext@795bf4ad testClass = IndexControllerTest, testInstance = com.hwanld.book.springboot.web.IndexControllerTest@7e8141df, testMethod = [null], testException = [null], mergedContextConfiguration = [WebMergedContextConfiguration@6b726ca5 testClass = IndexControllerTest, locations = '{}', classes = '{class com.hwanld.book.springboot.Application}', contextInitializerClasses = '[]', activeProfiles = '{}', propertySourceLocations = '{}', propertySourceProperties = '{org.springframework.boot.test.context.SpringBootTestContextBootstrapper=true, server.port=0}', contextCustomizers = set[org.springframework.boot.test.autoconfigure.properties.PropertyMappingContextCustomizer@0, org.springframework.boot.test.autoconfigure.web.servlet.WebDriverContextCustomizerFactory$Customizer@7d2a74ea, org.springframework.boot.test.context.filter.ExcludeFilterContextCustomizer@3a1a7b14, org.springframework.boot.test.json.DuplicateJsonObjectContextCustomizerFactory$DuplicateJsonObjectContextCustomizer@7d2104f5, org.springframework.boot.test.mock.mockito.MockitoContextCustomizer@0, org.springframework.boot.test.web.client.TestRestTemplateContextCustomizer@1ddd77a1], resourceBasePath = 'src/main/webapp', contextLoader = 'org.springframework.boot.test.context.SpringBootContextLoader', parent = [null]], attributes = map['org.springframework.test.context.web.ServletTestExecutionListener.activateListener' -> false]]].
22:19:37.385 [Test worker] DEBUG org.springframework.test.context.support.TestPropertySourceUtils - Adding inlined properties to environment: {spring.jmx.enabled=false, org.springframework.boot.test.context.SpringBootTestContextBootstrapper=true, server.port=0}

  .   ____          _            __ _ _
 /\\ / ___'_ __ _ _(_)_ __  __ _ \ \ \ \
( ( )\___ | '_ | '_| | '_ \/ _` | \ \ \ \
 \\/  ___)| |_)| | | | | || (_| |  ) ) ) )
  '  |____| .__|_| |_|_| |_\__, | / / / /
 =========|_|==============|___/=/_/_/_/
 :: Spring Boot ::        (v2.1.9.RELEASE)

2022-02-15 22:19:37.500  INFO 61045 --- [    Test worker] c.h.b.s.web.IndexControllerTest          : Starting IndexControllerTest on idonghwan-ui-MacBookAir.local with PID 61045 (started by donghwan in /Users/donghwan/freelec-springboot2-webservice)
2022-02-15 22:19:37.501  INFO 61045 --- [    Test worker] c.h.b.s.web.IndexControllerTest          : No active profile set, falling back to default profiles: default
2022-02-15 22:19:37.914  INFO 61045 --- [    Test worker] .s.d.r.c.RepositoryConfigurationDelegate : Bootstrapping Spring Data repositories in DEFAULT mode.
2022-02-15 22:19:37.957  INFO 61045 --- [    Test worker] .s.d.r.c.RepositoryConfigurationDelegate : Finished Spring Data repository scanning in 39ms. Found 2 repository interfaces.
2022-02-15 22:19:38.202  INFO 61045 --- [    Test worker] trationDelegate$BeanPostProcessorChecker : Bean 'org.springframework.transaction.annotation.ProxyTransactionManagementConfiguration' of type [org.springframework.transaction.annotation.ProxyTransactionManagementConfiguration$$EnhancerBySpringCGLIB$$9610b6e3] is not eligible for getting processed by all BeanPostProcessors (for example: not eligible for auto-proxying)
2022-02-15 22:19:38.407  INFO 61045 --- [    Test worker] o.s.b.w.embedded.tomcat.TomcatWebServer  : Tomcat initialized with port(s): 0 (http)
2022-02-15 22:19:38.420  INFO 61045 --- [    Test worker] o.apache.catalina.core.StandardService   : Starting service [Tomcat]
2022-02-15 22:19:38.420  INFO 61045 --- [    Test worker] org.apache.catalina.core.StandardEngine  : Starting Servlet engine: [Apache Tomcat/9.0.26]
2022-02-15 22:19:38.474  INFO 61045 --- [    Test worker] o.a.c.c.C.[Tomcat].[localhost].[/]       : Initializing Spring embedded WebApplicationContext
2022-02-15 22:19:38.474  INFO 61045 --- [    Test worker] o.s.web.context.ContextLoader            : Root WebApplicationContext: initialization completed in 961 ms
2022-02-15 22:19:38.597  INFO 61045 --- [    Test worker] com.zaxxer.hikari.HikariDataSource       : HikariPool-1 - Starting...
2022-02-15 22:19:38.690  INFO 61045 --- [    Test worker] com.zaxxer.hikari.HikariDataSource       : HikariPool-1 - Start completed.
2022-02-15 22:19:38.743  INFO 61045 --- [    Test worker] o.hibernate.jpa.internal.util.LogHelper  : HHH000204: Processing PersistenceUnitInfo [
	name: default
	...]
2022-02-15 22:19:38.777  INFO 61045 --- [    Test worker] org.hibernate.Version                    : HHH000412: Hibernate Core {5.3.12.Final}
2022-02-15 22:19:38.778  INFO 61045 --- [    Test worker] org.hibernate.cfg.Environment            : HHH000206: hibernate.properties not found
2022-02-15 22:19:38.859  INFO 61045 --- [    Test worker] o.hibernate.annotations.common.Version   : HCANN000001: Hibernate Commons Annotations {5.0.4.Final}
2022-02-15 22:19:38.933  INFO 61045 --- [    Test worker] org.hibernate.dialect.Dialect            : HHH000400: Using dialect: org.hibernate.dialect.MySQL5InnoDBDialect
Hibernate: drop table if exists posts
Hibernate: drop table if exists user
Hibernate: create table posts (id bigint not null auto_increment, created_date datetime, modified_date datetime, author varchar(255), content TEXT not null, title varchar(500) not null, primary key (id)) engine=InnoDB
Hibernate: create table user (id bigint not null auto_increment, created_date datetime, modified_date datetime, email varchar(255) not null, name varchar(255) not null, picture varchar(255), role varchar(255) not null, primary key (id)) engine=InnoDB
2022-02-15 22:19:39.278  INFO 61045 --- [    Test worker] o.h.t.schema.internal.SchemaCreatorImpl  : HHH000476: Executing import script 'org.hibernate.tool.schema.internal.exec.ScriptSourceInputNonExistentImpl@6ad73a4f'
2022-02-15 22:19:39.279  INFO 61045 --- [    Test worker] j.LocalContainerEntityManagerFactoryBean : Initialized JPA EntityManagerFactory for persistence unit 'default'
2022-02-15 22:19:39.725  INFO 61045 --- [    Test worker] o.h.h.i.QueryTranslatorFactoryInitiator  : HHH000397: Using ASTQueryTranslatorFactory
2022-02-15 22:19:39.938  INFO 61045 --- [    Test worker] o.s.s.web.DefaultSecurityFilterChain     : Creating filter chain: any request, [org.springframework.security.web.context.request.async.WebAsyncManagerIntegrationFilter@75d0181d, org.springframework.security.web.context.SecurityContextPersistenceFilter@729a1b1e, org.springframework.security.web.header.HeaderWriterFilter@68997ab2, org.springframework.security.web.authentication.logout.LogoutFilter@7d0f1437, org.springframework.security.oauth2.client.web.OAuth2AuthorizationRequestRedirectFilter@6fe5cb93, org.springframework.security.oauth2.client.web.OAuth2LoginAuthenticationFilter@6e37a0a3, org.springframework.security.web.authentication.ui.DefaultLoginPageGeneratingFilter@487962ab, org.springframework.security.web.authentication.ui.DefaultLogoutPageGeneratingFilter@445fe792, org.springframework.security.web.savedrequest.RequestCacheAwareFilter@388946a9, org.springframework.security.web.servletapi.SecurityContextHolderAwareRequestFilter@192346c5, org.springframework.security.web.authentication.AnonymousAuthenticationFilter@32233a38, org.springframework.security.web.session.SessionManagementFilter@4c18ddc7, org.springframework.security.web.access.ExceptionTranslationFilter@c879bc2, org.springframework.security.web.access.intercept.FilterSecurityInterceptor@5e088e19]
2022-02-15 22:19:40.146  INFO 61045 --- [    Test worker] o.s.s.concurrent.ThreadPoolTaskExecutor  : Initializing ExecutorService 'applicationTaskExecutor'
2022-02-15 22:19:40.184  WARN 61045 --- [    Test worker] aWebConfiguration$JpaWebMvcConfiguration : spring.jpa.open-in-view is enabled by default. Therefore, database queries may be performed during view rendering. Explicitly configure spring.jpa.open-in-view to disable this warning
2022-02-15 22:19:40.212  INFO 61045 --- [    Test worker] o.s.b.a.w.s.WelcomePageHandlerMapping    : Adding welcome page template: index
2022-02-15 22:19:40.385  INFO 61045 --- [    Test worker] s.a.ScheduledAnnotationBeanPostProcessor : No TaskScheduler/ScheduledExecutorService bean found for scheduled processing
2022-02-15 22:19:40.398  INFO 61045 --- [    Test worker] o.s.b.w.embedded.tomcat.TomcatWebServer  : Tomcat started on port(s): 50634 (http) with context path ''
2022-02-15 22:19:40.399  INFO 61045 --- [    Test worker] c.h.b.s.web.IndexControllerTest          : Started IndexControllerTest in 3.014 seconds (JVM running for 3.398)
2022-02-15 22:19:40.482  INFO 61045 --- [o-auto-1-exec-1] o.a.c.c.C.[Tomcat].[localhost].[/]       : Initializing Spring DispatcherServlet 'dispatcherServlet'
2022-02-15 22:19:40.482  INFO 61045 --- [o-auto-1-exec-1] o.s.web.servlet.DispatcherServlet        : Initializing Servlet 'dispatcherServlet'
2022-02-15 22:19:40.493  INFO 61045 --- [o-auto-1-exec-1] o.s.web.servlet.DispatcherServlet        : Completed initialization in 11 ms
Hibernate: select posts0_.id as id1_0_, posts0_.created_date as created_2_0_, posts0_.modified_date as modified3_0_, posts0_.author as author4_0_, posts0_.content as content5_0_, posts0_.title as title6_0_ from posts posts0_ order by posts0_.id DESC
]]></system-out>
  <system-err><![CDATA[]]></system-err>
</testsuite>
