<?xml version="1.0" encoding="UTF-8"?>
<testsuite name="com.hwanld.book.springboot.web.IndexControllerTest" tests="1" skipped="0" failures="0" errors="0" timestamp="2022-02-25T06:40:55" hostname="idonghwan-ui-MacBookAir.local" time="0.11">
  <properties/>
  <testcase name="메인페이지_로딩" classname="com.hwanld.book.springboot.web.IndexControllerTest" time="0.11"/>
  <system-out><![CDATA[2022-02-25 15:40:53.244  INFO 74452 --- [    Test worker] .b.t.c.SpringBootTestContextBootstrapper : Neither @ContextConfiguration nor @ContextHierarchy found for test class [com.hwanld.book.springboot.web.IndexControllerTest], using SpringBootContextLoader
2022-02-25 15:40:53.244  INFO 74452 --- [    Test worker] o.s.t.c.support.AbstractContextLoader    : Could not detect default resource locations for test class [com.hwanld.book.springboot.web.IndexControllerTest]: no resource found for suffixes {-context.xml, Context.groovy}.
2022-02-25 15:40:53.244  INFO 74452 --- [    Test worker] t.c.s.AnnotationConfigContextLoaderUtils : Could not detect default configuration classes for test class [com.hwanld.book.springboot.web.IndexControllerTest]: IndexControllerTest does not declare any static, non-private, non-final, nested classes annotated with @Configuration.
2022-02-25 15:40:53.246  INFO 74452 --- [    Test worker] .b.t.c.SpringBootTestContextBootstrapper : Found @SpringBootConfiguration com.hwanld.book.springboot.Application for test class com.hwanld.book.springboot.web.IndexControllerTest
2022-02-25 15:40:53.247  INFO 74452 --- [    Test worker] .b.t.c.SpringBootTestContextBootstrapper : Loaded default TestExecutionListener class names from location [META-INF/spring.factories]: [org.springframework.security.test.context.support.WithSecurityContextTestExecutionListener, org.springframework.security.test.context.support.ReactorContextTestExecutionListener, org.springframework.boot.test.autoconfigure.restdocs.RestDocsTestExecutionListener, org.springframework.boot.test.autoconfigure.web.client.MockRestServiceServerResetTestExecutionListener, org.springframework.boot.test.autoconfigure.web.servlet.MockMvcPrintOnlyOnFailureTestExecutionListener, org.springframework.boot.test.autoconfigure.web.servlet.WebDriverTestExecutionListener, org.springframework.boot.test.mock.mockito.MockitoTestExecutionListener, org.springframework.boot.test.mock.mockito.ResetMocksTestExecutionListener, org.springframework.test.context.web.ServletTestExecutionListener, org.springframework.test.context.support.DirtiesContextBeforeModesTestExecutionListener, org.springframework.test.context.support.DependencyInjectionTestExecutionListener, org.springframework.test.context.support.DirtiesContextTestExecutionListener, org.springframework.test.context.transaction.TransactionalTestExecutionListener, org.springframework.test.context.jdbc.SqlScriptsTestExecutionListener]
2022-02-25 15:40:53.248  INFO 74452 --- [    Test worker] .b.t.c.SpringBootTestContextBootstrapper : Using TestExecutionListeners: [org.springframework.test.context.web.ServletTestExecutionListener@3f9c58c3, org.springframework.test.context.support.DirtiesContextBeforeModesTestExecutionListener@7bd928de, org.springframework.boot.test.mock.mockito.MockitoTestExecutionListener@7c26912e, org.springframework.boot.test.autoconfigure.SpringBootDependencyInjectionTestExecutionListener@7df8582, org.springframework.test.context.support.DirtiesContextTestExecutionListener@5a589ffa, org.springframework.test.context.transaction.TransactionalTestExecutionListener@6875c3b7, org.springframework.test.context.jdbc.SqlScriptsTestExecutionListener@20928076, org.springframework.security.test.context.support.WithSecurityContextTestExecutionListener@5b9ae273, org.springframework.security.test.context.support.ReactorContextTestExecutionListener@452311b5, org.springframework.boot.test.autoconfigure.restdocs.RestDocsTestExecutionListener@38d1add, org.springframework.boot.test.autoconfigure.web.client.MockRestServiceServerResetTestExecutionListener@37a8bbea, org.springframework.boot.test.autoconfigure.web.servlet.MockMvcPrintOnlyOnFailureTestExecutionListener@3b2d5e16, org.springframework.boot.test.autoconfigure.web.servlet.WebDriverTestExecutionListener@665e5e7f, org.springframework.boot.test.mock.mockito.ResetMocksTestExecutionListener@d6efb9b]

  .   ____          _            __ _ _
 /\\ / ___'_ __ _ _(_)_ __  __ _ \ \ \ \
( ( )\___ | '_ | '_| | '_ \/ _` | \ \ \ \
 \\/  ___)| |_)| | | | | || (_| |  ) ) ) )
  '  |____| .__|_| |_|_| |_\__, | / / / /
 =========|_|==============|___/=/_/_/_/
 :: Spring Boot ::        (v2.1.9.RELEASE)

2022-02-25 15:40:53.266  INFO 74452 --- [    Test worker] c.h.b.s.web.IndexControllerTest          : Starting IndexControllerTest on idonghwan-ui-MacBookAir.local with PID 74452 (started by donghwan in /Users/donghwan/freelec-springboot2-webservice)
2022-02-25 15:40:53.266  INFO 74452 --- [    Test worker] c.h.b.s.web.IndexControllerTest          : No active profile set, falling back to default profiles: default
2022-02-25 15:40:53.484  INFO 74452 --- [    Test worker] .s.d.r.c.RepositoryConfigurationDelegate : Bootstrapping Spring Data repositories in DEFAULT mode.
2022-02-25 15:40:53.517  INFO 74452 --- [    Test worker] .s.d.r.c.RepositoryConfigurationDelegate : Finished Spring Data repository scanning in 29ms. Found 2 repository interfaces.
2022-02-25 15:40:53.645  INFO 74452 --- [    Test worker] trationDelegate$BeanPostProcessorChecker : Bean 'org.springframework.transaction.annotation.ProxyTransactionManagementConfiguration' of type [org.springframework.transaction.annotation.ProxyTransactionManagementConfiguration$$EnhancerBySpringCGLIB$$423a5912] is not eligible for getting processed by all BeanPostProcessors (for example: not eligible for auto-proxying)
2022-02-25 15:40:53.803  INFO 74452 --- [    Test worker] o.s.b.w.embedded.tomcat.TomcatWebServer  : Tomcat initialized with port(s): 0 (http)
2022-02-25 15:40:53.819  INFO 74452 --- [    Test worker] o.apache.catalina.core.StandardService   : Starting service [Tomcat]
2022-02-25 15:40:53.820  INFO 74452 --- [    Test worker] org.apache.catalina.core.StandardEngine  : Starting Servlet engine: [Apache Tomcat/9.0.26]
2022-02-25 15:40:53.884  INFO 74452 --- [    Test worker] o.a.c.c.C.[Tomcat].[localhost].[/]       : Initializing Spring embedded WebApplicationContext
2022-02-25 15:40:53.884  INFO 74452 --- [    Test worker] o.s.web.context.ContextLoader            : Root WebApplicationContext: initialization completed in 617 ms
2022-02-25 15:40:53.989  INFO 74452 --- [    Test worker] com.zaxxer.hikari.HikariDataSource       : HikariPool-1 - Starting...
2022-02-25 15:40:54.079  INFO 74452 --- [    Test worker] com.zaxxer.hikari.HikariDataSource       : HikariPool-1 - Start completed.
2022-02-25 15:40:54.138  INFO 74452 --- [    Test worker] o.hibernate.jpa.internal.util.LogHelper  : HHH000204: Processing PersistenceUnitInfo [
	name: default
	...]
2022-02-25 15:40:54.177  INFO 74452 --- [    Test worker] org.hibernate.Version                    : HHH000412: Hibernate Core {5.3.12.Final}
2022-02-25 15:40:54.178  INFO 74452 --- [    Test worker] org.hibernate.cfg.Environment            : HHH000206: hibernate.properties not found
2022-02-25 15:40:54.212  INFO 74452 --- [    Test worker] o.hibernate.annotations.common.Version   : HCANN000001: Hibernate Commons Annotations {5.0.4.Final}
2022-02-25 15:40:54.296  INFO 74452 --- [    Test worker] org.hibernate.dialect.Dialect            : HHH000400: Using dialect: org.hibernate.dialect.MySQL5InnoDBDialect
Hibernate: drop table if exists posts
Hibernate: drop table if exists user
Hibernate: create table posts (id bigint not null auto_increment, created_date datetime, modified_date datetime, author varchar(255), content TEXT not null, title varchar(500) not null, primary key (id)) engine=InnoDB
Hibernate: create table user (id bigint not null auto_increment, created_date datetime, modified_date datetime, email varchar(255) not null, name varchar(255) not null, picture varchar(255), role varchar(255) not null, primary key (id)) engine=InnoDB
2022-02-25 15:40:54.717  INFO 74452 --- [    Test worker] o.h.t.schema.internal.SchemaCreatorImpl  : HHH000476: Executing import script 'org.hibernate.tool.schema.internal.exec.ScriptSourceInputNonExistentImpl@5da0f32f'
2022-02-25 15:40:54.718  INFO 74452 --- [    Test worker] j.LocalContainerEntityManagerFactoryBean : Initialized JPA EntityManagerFactory for persistence unit 'default'
2022-02-25 15:40:55.042  INFO 74452 --- [    Test worker] o.h.h.i.QueryTranslatorFactoryInitiator  : HHH000397: Using ASTQueryTranslatorFactory
2022-02-25 15:40:55.199  INFO 74452 --- [    Test worker] o.s.s.web.DefaultSecurityFilterChain     : Creating filter chain: any request, [org.springframework.security.web.context.request.async.WebAsyncManagerIntegrationFilter@13886754, org.springframework.security.web.context.SecurityContextPersistenceFilter@5a622125, org.springframework.security.web.header.HeaderWriterFilter@54945118, org.springframework.security.web.authentication.logout.LogoutFilter@3aee630c, org.springframework.security.oauth2.client.web.OAuth2AuthorizationRequestRedirectFilter@3561bb70, org.springframework.security.oauth2.client.web.OAuth2LoginAuthenticationFilter@3f47fced, org.springframework.security.web.authentication.ui.DefaultLoginPageGeneratingFilter@71ce1f19, org.springframework.security.web.authentication.ui.DefaultLogoutPageGeneratingFilter@4b3b39da, org.springframework.security.web.savedrequest.RequestCacheAwareFilter@42ecf4b8, org.springframework.security.web.servletapi.SecurityContextHolderAwareRequestFilter@3486716c, org.springframework.security.web.authentication.AnonymousAuthenticationFilter@4b9b04c4, org.springframework.security.web.session.SessionManagementFilter@6aa5e500, org.springframework.security.web.access.ExceptionTranslationFilter@c928099, org.springframework.security.web.access.intercept.FilterSecurityInterceptor@59944b5a]
2022-02-25 15:40:55.301  INFO 74452 --- [    Test worker] o.s.s.concurrent.ThreadPoolTaskExecutor  : Initializing ExecutorService 'applicationTaskExecutor'
2022-02-25 15:40:55.309  WARN 74452 --- [    Test worker] aWebConfiguration$JpaWebMvcConfiguration : spring.jpa.open-in-view is enabled by default. Therefore, database queries may be performed during view rendering. Explicitly configure spring.jpa.open-in-view to disable this warning
2022-02-25 15:40:55.324  INFO 74452 --- [    Test worker] o.s.b.a.w.s.WelcomePageHandlerMapping    : Adding welcome page template: index
2022-02-25 15:40:55.460  INFO 74452 --- [    Test worker] s.a.ScheduledAnnotationBeanPostProcessor : No TaskScheduler/ScheduledExecutorService bean found for scheduled processing
2022-02-25 15:40:55.474  INFO 74452 --- [    Test worker] o.s.b.w.embedded.tomcat.TomcatWebServer  : Tomcat started on port(s): 56227 (http) with context path ''
2022-02-25 15:40:55.474  INFO 74452 --- [    Test worker] c.h.b.s.web.IndexControllerTest          : Started IndexControllerTest in 2.226 seconds (JVM running for 4.088)
2022-02-25 15:40:55.526  INFO 74452 --- [o-auto-1-exec-1] o.a.c.c.C.[Tomcat].[localhost].[/]       : Initializing Spring DispatcherServlet 'dispatcherServlet'
2022-02-25 15:40:55.526  INFO 74452 --- [o-auto-1-exec-1] o.s.web.servlet.DispatcherServlet        : Initializing Servlet 'dispatcherServlet'
2022-02-25 15:40:55.536  INFO 74452 --- [o-auto-1-exec-1] o.s.web.servlet.DispatcherServlet        : Completed initialization in 10 ms
Hibernate: select posts0_.id as id1_0_, posts0_.created_date as created_2_0_, posts0_.modified_date as modified3_0_, posts0_.author as author4_0_, posts0_.content as content5_0_, posts0_.title as title6_0_ from posts posts0_ order by posts0_.id DESC
]]></system-out>
  <system-err><![CDATA[]]></system-err>
</testsuite>
